C:\Users\Windows\Desktop\ASP NET Core - Projects for CV\PeerToPeerCall\PeerToPeerCall\ClientApp\dist\out-tsc\app\components\signin-form\signin-form.component.js
C:\Users\Windows\Desktop\ASP NET Core - Projects for CV\PeerToPeerCall\PeerToPeerCall\ClientApp\dist\out-tsc\app\components\signin-form\signin-form.component.js.map
C:\Users\Windows\Desktop\ASP NET Core - Projects for CV\PeerToPeerCall\PeerToPeerCall\ClientApp\dist\out-tsc\app\app-routing.module.js
C:\Users\Windows\Desktop\ASP NET Core - Projects for CV\PeerToPeerCall\PeerToPeerCall\ClientApp\dist\out-tsc\app\app-routing.module.js.map
C:\Users\Windows\Desktop\ASP NET Core - Projects for CV\PeerToPeerCall\PeerToPeerCall\ClientApp\dist\out-tsc\app\app.component.js
C:\Users\Windows\Desktop\ASP NET Core - Projects for CV\PeerToPeerCall\PeerToPeerCall\ClientApp\dist\out-tsc\app\app.component.js.map
C:\Users\Windows\Desktop\ASP NET Core - Projects for CV\PeerToPeerCall\PeerToPeerCall\ClientApp\dist\out-tsc\app\components\unauthenticated\unauthenticated.component.js
C:\Users\Windows\Desktop\ASP NET Core - Projects for CV\PeerToPeerCall\PeerToPeerCall\ClientApp\dist\out-tsc\app\components\unauthenticated\unauthenticated.component.js.map
C:\Users\Windows\Desktop\ASP NET Core - Projects for CV\PeerToPeerCall\PeerToPeerCall\ClientApp\dist\out-tsc\app\app.module.js
C:\Users\Windows\Desktop\ASP NET Core - Projects for CV\PeerToPeerCall\PeerToPeerCall\ClientApp\dist\out-tsc\app\app.module.js.map
C:\Users\Windows\Desktop\ASP NET Core - Projects for CV\PeerToPeerCall\PeerToPeerCall\ClientApp\dist\out-tsc\environments\environment.js
C:\Users\Windows\Desktop\ASP NET Core - Projects for CV\PeerToPeerCall\PeerToPeerCall\ClientApp\dist\out-tsc\environments\environment.js.map
C:\Users\Windows\Desktop\ASP NET Core - Projects for CV\PeerToPeerCall\PeerToPeerCall\ClientApp\dist\out-tsc\main.js
C:\Users\Windows\Desktop\ASP NET Core - Projects for CV\PeerToPeerCall\PeerToPeerCall\ClientApp\dist\out-tsc\main.js.map
C:\Users\Windows\Desktop\ASP NET Core - Projects for CV\PeerToPeerCall\PeerToPeerCall\ClientApp\dist\out-tsc\polyfills.js
C:\Users\Windows\Desktop\ASP NET Core - Projects for CV\PeerToPeerCall\PeerToPeerCall\ClientApp\dist\out-tsc\polyfills.js.map
C:\Users\Windows\Desktop\ASP NET Core - Projects for CV\PeerToPeerCall\PeerToPeerCall\ClientApp\dist\out-tsc\test.js
C:\Users\Windows\Desktop\ASP NET Core - Projects for CV\PeerToPeerCall\PeerToPeerCall\ClientApp\dist\out-tsc\test.js.map
C:\Users\Windows\Desktop\ASP NET Core - Projects for CV\PeerToPeerCall\PeerToPeerCall\ClientApp\dist\out-tsc\app\app.component.spec.js
C:\Users\Windows\Desktop\ASP NET Core - Projects for CV\PeerToPeerCall\PeerToPeerCall\ClientApp\dist\out-tsc\app\app.component.spec.js.map
C:\Users\Windows\Desktop\ASP NET Core - Projects for CV\PeerToPeerCall\PeerToPeerCall\ClientApp\dist\out-tsc\app\components\signin-form\signin-form.component.spec.js
C:\Users\Windows\Desktop\ASP NET Core - Projects for CV\PeerToPeerCall\PeerToPeerCall\ClientApp\dist\out-tsc\app\components\signin-form\signin-form.component.spec.js.map
C:\Users\Windows\Desktop\ASP NET Core - Projects for CV\PeerToPeerCall\PeerToPeerCall\ClientApp\dist\out-tsc\app\components\unauthenticated\unauthenticated.component.spec.js
C:\Users\Windows\Desktop\ASP NET Core - Projects for CV\PeerToPeerCall\PeerToPeerCall\ClientApp\dist\out-tsc\app\components\unauthenticated\unauthenticated.component.spec.js.map
C:\Users\Windows\Desktop\ASP NET Core - Projects for CV\PeerToPeerCall\PeerToPeerCall\ClientApp\dist\out-tsc\environments\environment.prod.js
C:\Users\Windows\Desktop\ASP NET Core - Projects for CV\PeerToPeerCall\PeerToPeerCall\ClientApp\dist\out-tsc\environments\environment.prod.js.map
