C:\Users\Windows\Desktop\ASP NET Core - Projects for CV\PeerToPeerCall\PeerToPeerCall\Talk4U\dist\out-tsc\app\models\target-peer.js
C:\Users\Windows\Desktop\ASP NET Core - Projects for CV\PeerToPeerCall\PeerToPeerCall\Talk4U\dist\out-tsc\app\models\target-peer.js.map
C:\Users\Windows\Desktop\ASP NET Core - Projects for CV\PeerToPeerCall\PeerToPeerCall\Talk4U\dist\out-tsc\app\services\alert\toast.service.js
C:\Users\Windows\Desktop\ASP NET Core - Projects for CV\PeerToPeerCall\PeerToPeerCall\Talk4U\dist\out-tsc\app\services\alert\toast.service.js.map
C:\Users\Windows\Desktop\ASP NET Core - Projects for CV\PeerToPeerCall\PeerToPeerCall\Talk4U\dist\out-tsc\app\components\chat-room\chat-room.component.js
C:\Users\Windows\Desktop\ASP NET Core - Projects for CV\PeerToPeerCall\PeerToPeerCall\Talk4U\dist\out-tsc\app\components\chat-room\chat-room.component.js.map
C:\Users\Windows\Desktop\ASP NET Core - Projects for CV\PeerToPeerCall\PeerToPeerCall\Talk4U\dist\out-tsc\app\models\api-response.js
C:\Users\Windows\Desktop\ASP NET Core - Projects for CV\PeerToPeerCall\PeerToPeerCall\Talk4U\dist\out-tsc\app\models\api-response.js.map
C:\Users\Windows\Desktop\ASP NET Core - Projects for CV\PeerToPeerCall\PeerToPeerCall\Talk4U\dist\out-tsc\app\services\http\http.service.js
C:\Users\Windows\Desktop\ASP NET Core - Projects for CV\PeerToPeerCall\PeerToPeerCall\Talk4U\dist\out-tsc\app\services\http\http.service.js.map
C:\Users\Windows\Desktop\ASP NET Core - Projects for CV\PeerToPeerCall\PeerToPeerCall\Talk4U\dist\out-tsc\app\components\signin-form\signin-form.component.js
C:\Users\Windows\Desktop\ASP NET Core - Projects for CV\PeerToPeerCall\PeerToPeerCall\Talk4U\dist\out-tsc\app\components\signin-form\signin-form.component.js.map
C:\Users\Windows\Desktop\ASP NET Core - Projects for CV\PeerToPeerCall\PeerToPeerCall\Talk4U\dist\out-tsc\app\components\signup-form\signup-form.component.js
C:\Users\Windows\Desktop\ASP NET Core - Projects for CV\PeerToPeerCall\PeerToPeerCall\Talk4U\dist\out-tsc\app\components\signup-form\signup-form.component.js.map
C:\Users\Windows\Desktop\ASP NET Core - Projects for CV\PeerToPeerCall\PeerToPeerCall\Talk4U\dist\out-tsc\app\guards\auth.guard.js
C:\Users\Windows\Desktop\ASP NET Core - Projects for CV\PeerToPeerCall\PeerToPeerCall\Talk4U\dist\out-tsc\app\guards\auth.guard.js.map
C:\Users\Windows\Desktop\ASP NET Core - Projects for CV\PeerToPeerCall\PeerToPeerCall\Talk4U\dist\out-tsc\app\app-routing.module.js
C:\Users\Windows\Desktop\ASP NET Core - Projects for CV\PeerToPeerCall\PeerToPeerCall\Talk4U\dist\out-tsc\app\app-routing.module.js.map
C:\Users\Windows\Desktop\ASP NET Core - Projects for CV\PeerToPeerCall\PeerToPeerCall\Talk4U\dist\out-tsc\app\app.component.js
C:\Users\Windows\Desktop\ASP NET Core - Projects for CV\PeerToPeerCall\PeerToPeerCall\Talk4U\dist\out-tsc\app\app.component.js.map
C:\Users\Windows\Desktop\ASP NET Core - Projects for CV\PeerToPeerCall\PeerToPeerCall\Talk4U\dist\out-tsc\app\components\form-layout\form-layout.component.js
C:\Users\Windows\Desktop\ASP NET Core - Projects for CV\PeerToPeerCall\PeerToPeerCall\Talk4U\dist\out-tsc\app\components\form-layout\form-layout.component.js.map
C:\Users\Windows\Desktop\ASP NET Core - Projects for CV\PeerToPeerCall\PeerToPeerCall\Talk4U\dist\out-tsc\app\app.module.js
C:\Users\Windows\Desktop\ASP NET Core - Projects for CV\PeerToPeerCall\PeerToPeerCall\Talk4U\dist\out-tsc\app\app.module.js.map
C:\Users\Windows\Desktop\ASP NET Core - Projects for CV\PeerToPeerCall\PeerToPeerCall\Talk4U\dist\out-tsc\environments\environment.js
C:\Users\Windows\Desktop\ASP NET Core - Projects for CV\PeerToPeerCall\PeerToPeerCall\Talk4U\dist\out-tsc\environments\environment.js.map
C:\Users\Windows\Desktop\ASP NET Core - Projects for CV\PeerToPeerCall\PeerToPeerCall\Talk4U\dist\out-tsc\main.js
C:\Users\Windows\Desktop\ASP NET Core - Projects for CV\PeerToPeerCall\PeerToPeerCall\Talk4U\dist\out-tsc\main.js.map
C:\Users\Windows\Desktop\ASP NET Core - Projects for CV\PeerToPeerCall\PeerToPeerCall\Talk4U\dist\out-tsc\polyfills.js
C:\Users\Windows\Desktop\ASP NET Core - Projects for CV\PeerToPeerCall\PeerToPeerCall\Talk4U\dist\out-tsc\polyfills.js.map
C:\Users\Windows\Desktop\ASP NET Core - Projects for CV\PeerToPeerCall\PeerToPeerCall\Talk4U\dist\out-tsc\test.js
C:\Users\Windows\Desktop\ASP NET Core - Projects for CV\PeerToPeerCall\PeerToPeerCall\Talk4U\dist\out-tsc\test.js.map
C:\Users\Windows\Desktop\ASP NET Core - Projects for CV\PeerToPeerCall\PeerToPeerCall\Talk4U\dist\out-tsc\app\app.component.spec.js
C:\Users\Windows\Desktop\ASP NET Core - Projects for CV\PeerToPeerCall\PeerToPeerCall\Talk4U\dist\out-tsc\app\app.component.spec.js.map
C:\Users\Windows\Desktop\ASP NET Core - Projects for CV\PeerToPeerCall\PeerToPeerCall\Talk4U\dist\out-tsc\app\components\chat-room\chat-room.component.spec.js
C:\Users\Windows\Desktop\ASP NET Core - Projects for CV\PeerToPeerCall\PeerToPeerCall\Talk4U\dist\out-tsc\app\components\chat-room\chat-room.component.spec.js.map
C:\Users\Windows\Desktop\ASP NET Core - Projects for CV\PeerToPeerCall\PeerToPeerCall\Talk4U\dist\out-tsc\app\components\form-layout\form-layout.component.spec.js
C:\Users\Windows\Desktop\ASP NET Core - Projects for CV\PeerToPeerCall\PeerToPeerCall\Talk4U\dist\out-tsc\app\components\form-layout\form-layout.component.spec.js.map
C:\Users\Windows\Desktop\ASP NET Core - Projects for CV\PeerToPeerCall\PeerToPeerCall\Talk4U\dist\out-tsc\app\components\signin-form\signin-form.component.spec.js
C:\Users\Windows\Desktop\ASP NET Core - Projects for CV\PeerToPeerCall\PeerToPeerCall\Talk4U\dist\out-tsc\app\components\signin-form\signin-form.component.spec.js.map
C:\Users\Windows\Desktop\ASP NET Core - Projects for CV\PeerToPeerCall\PeerToPeerCall\Talk4U\dist\out-tsc\app\components\signup-form\signup-form.component.spec.js
C:\Users\Windows\Desktop\ASP NET Core - Projects for CV\PeerToPeerCall\PeerToPeerCall\Talk4U\dist\out-tsc\app\components\signup-form\signup-form.component.spec.js.map
C:\Users\Windows\Desktop\ASP NET Core - Projects for CV\PeerToPeerCall\PeerToPeerCall\Talk4U\dist\out-tsc\app\guards\auth.guard.spec.js
C:\Users\Windows\Desktop\ASP NET Core - Projects for CV\PeerToPeerCall\PeerToPeerCall\Talk4U\dist\out-tsc\app\guards\auth.guard.spec.js.map
C:\Users\Windows\Desktop\ASP NET Core - Projects for CV\PeerToPeerCall\PeerToPeerCall\Talk4U\dist\out-tsc\app\services\alert\toast.service.spec.js
C:\Users\Windows\Desktop\ASP NET Core - Projects for CV\PeerToPeerCall\PeerToPeerCall\Talk4U\dist\out-tsc\app\services\alert\toast.service.spec.js.map
C:\Users\Windows\Desktop\ASP NET Core - Projects for CV\PeerToPeerCall\PeerToPeerCall\Talk4U\dist\out-tsc\app\services\http\http.service.spec.js
C:\Users\Windows\Desktop\ASP NET Core - Projects for CV\PeerToPeerCall\PeerToPeerCall\Talk4U\dist\out-tsc\app\services\http\http.service.spec.js.map
C:\Users\Windows\Desktop\ASP NET Core - Projects for CV\PeerToPeerCall\PeerToPeerCall\Talk4U\dist\out-tsc\environments\environment.prod.js
C:\Users\Windows\Desktop\ASP NET Core - Projects for CV\PeerToPeerCall\PeerToPeerCall\Talk4U\dist\out-tsc\environments\environment.prod.js.map
